0 info it worked if it ends with ok
1 verbose cli [ '/Users/guyeldar/.nvm/versions/node/v5.7.0/bin/node',
1 verbose cli   '/Users/guyeldar/.nvm/versions/node/v5.7.0/bin/npm',
1 verbose cli   'start' ]
2 info using npm@3.7.3
3 info using node@v5.7.0
4 verbose stack Error: missing script: start
4 verbose stack     at run (/Users/guyeldar/.nvm/versions/node/v5.7.0/lib/node_modules/npm/lib/run-script.js:147:19)
4 verbose stack     at /Users/guyeldar/.nvm/versions/node/v5.7.0/lib/node_modules/npm/lib/run-script.js:57:5
4 verbose stack     at /Users/guyeldar/.nvm/versions/node/v5.7.0/lib/node_modules/npm/node_modules/read-package-json/read-json.js:345:5
4 verbose stack     at checkBinReferences_ (/Users/guyeldar/.nvm/versions/node/v5.7.0/lib/node_modules/npm/node_modules/read-package-json/read-json.js:309:45)
4 verbose stack     at final (/Users/guyeldar/.nvm/versions/node/v5.7.0/lib/node_modules/npm/node_modules/read-package-json/read-json.js:343:3)
4 verbose stack     at then (/Users/guyeldar/.nvm/versions/node/v5.7.0/lib/node_modules/npm/node_modules/read-package-json/read-json.js:113:5)
4 verbose stack     at ReadFileContext.<anonymous> (/Users/guyeldar/.nvm/versions/node/v5.7.0/lib/node_modules/npm/node_modules/read-package-json/read-json.js:284:20)
4 verbose stack     at ReadFileContext.callback (/Users/guyeldar/.nvm/versions/node/v5.7.0/lib/node_modules/npm/node_modules/graceful-fs/graceful-fs.js:78:16)
4 verbose stack     at FSReqWrap.readFileAfterOpen [as oncomplete] (fs.js:324:13)
5 verbose cwd /Users/guyeldar/Devl/react-native-richtext-editor
6 error Darwin 15.5.0
7 error argv "/Users/guyeldar/.nvm/versions/node/v5.7.0/bin/node" "/Users/guyeldar/.nvm/versions/node/v5.7.0/bin/npm" "start"
8 error node v5.7.0
9 error npm  v3.7.3
10 error missing script: start
11 error If you need help, you may report this error at:
11 error     <https://github.com/npm/npm/issues>
12 verbose exit [ 1, true ]
